[debug] [2024-07-11T13:05:18.770Z] ----------------------------------------------------------------------
[debug] [2024-07-11T13:05:18.773Z] Command:       C:\Program Files\nodejs\node.exe C:\Users\wnsgu\AppData\Roaming\npm\node_modules\firebase-tools\lib\bin\firebase.js init
[debug] [2024-07-11T13:05:18.774Z] CLI Version:   13.13.1
[debug] [2024-07-11T13:05:18.774Z] Platform:      win32
[debug] [2024-07-11T13:05:18.774Z] Node Version:  v20.15.1
[debug] [2024-07-11T13:05:18.774Z] Time:          Thu Jul 11 2024 22:05:18 GMT+0900 (대한민국 표준시)
[debug] [2024-07-11T13:05:18.775Z] ----------------------------------------------------------------------
[debug] 
[debug] [2024-07-11T13:05:18.782Z] > command requires scopes: ["email","openid","https://www.googleapis.com/auth/cloudplatformprojects.readonly","https://www.googleapis.com/auth/firebase","https://www.googleapis.com/auth/cloud-platform"]
[debug] [2024-07-11T13:05:18.782Z] > authorizing via signed-in user (wnsgur1832@gmail.com)
[info] 
     ######## #### ########  ######## ########     ###     ######  ########
     ##        ##  ##     ## ##       ##     ##  ##   ##  ##       ##
     ######    ##  ########  ######   ########  #########  ######  ######
     ##        ##  ##    ##  ##       ##     ## ##     ##       ## ##
     ##       #### ##     ## ######## ########  ##     ##  ######  ########

You're about to initialize a Firebase project in this directory:

  C:\Users\wnsgu\OneDrive\바탕 화면\frontend-class

[info] 
=== Project Setup
[info] 
[info] First, let's associate this project directory with a Firebase project.
[info] You can create multiple project aliases by running firebase use --add, 
[info] but for now we'll just set up a default project.
[info] 
[debug] [2024-07-11T13:05:36.400Z] >>> [apiv2][query] GET https://firebase.googleapis.com/v1beta1/projects pageSize=100
[debug] [2024-07-11T13:05:37.067Z] <<< [apiv2][status] GET https://firebase.googleapis.com/v1beta1/projects 200
[debug] [2024-07-11T13:05:37.067Z] <<< [apiv2][body] GET https://firebase.googleapis.com/v1beta1/projects [omitted]
